20-May-2025 09:42:55.815 정보 [main] org.apache.catalina.startup.VersionLoggerListener.log 서버 버전 이름:    Apache Tomcat/10.1.41
20-May-2025 09:42:55.832 정보 [main] org.apache.catalina.startup.VersionLoggerListener.log Server 빌드 시각:  May 8 2025 12:44:02 UTC
20-May-2025 09:42:55.834 정보 [main] org.apache.catalina.startup.VersionLoggerListener.log Server 버전 번호:  10.1.41.0
20-May-2025 09:42:55.835 정보 [main] org.apache.catalina.startup.VersionLoggerListener.log 운영체제 이름:     Windows 11
20-May-2025 09:42:55.836 정보 [main] org.apache.catalina.startup.VersionLoggerListener.log 운영체제 버전:     10.0
20-May-2025 09:42:55.836 정보 [main] org.apache.catalina.startup.VersionLoggerListener.log 아키텍처:          amd64
20-May-2025 09:42:55.836 정보 [main] org.apache.catalina.startup.VersionLoggerListener.log 자바 홈:           C:\Program Files\Eclipse Adoptium\jdk-17.0.14.7-hotspot
20-May-2025 09:42:55.836 정보 [main] org.apache.catalina.startup.VersionLoggerListener.log JVM 버전:          17.0.14+7
20-May-2025 09:42:55.836 정보 [main] org.apache.catalina.startup.VersionLoggerListener.log JVM 벤더:          Eclipse Adoptium
20-May-2025 09:42:55.836 정보 [main] org.apache.catalina.startup.VersionLoggerListener.log CATALINA_BASE:     C:\dev\dev_lecture\installfile\apache-tomcat-10.1.41
20-May-2025 09:42:55.836 정보 [main] org.apache.catalina.startup.VersionLoggerListener.log CATALINA_HOME:     C:\dev\dev_lecture\installfile\apache-tomcat-10.1.41
20-May-2025 09:42:55.877 정보 [main] org.apache.catalina.startup.VersionLoggerListener.log 명령 행 아규먼트:  -Djava.util.logging.config.file=C:\dev\dev_lecture\installfile\apache-tomcat-10.1.41\conf\logging.properties
20-May-2025 09:42:55.877 정보 [main] org.apache.catalina.startup.VersionLoggerListener.log 명령 행 아규먼트:  -Djava.util.logging.manager=org.apache.juli.ClassLoaderLogManager
20-May-2025 09:42:55.877 정보 [main] org.apache.catalina.startup.VersionLoggerListener.log 명령 행 아규먼트:  -Djdk.tls.ephemeralDHKeySize=2048
20-May-2025 09:42:55.877 정보 [main] org.apache.catalina.startup.VersionLoggerListener.log 명령 행 아규먼트:  -Djava.protocol.handler.pkgs=org.apache.catalina.webresources
20-May-2025 09:42:55.877 정보 [main] org.apache.catalina.startup.VersionLoggerListener.log 명령 행 아규먼트:  -Dsun.io.useCanonCaches=false
20-May-2025 09:42:55.877 정보 [main] org.apache.catalina.startup.VersionLoggerListener.log 명령 행 아규먼트:  --add-opens=java.base/java.lang=ALL-UNNAMED
20-May-2025 09:42:55.877 정보 [main] org.apache.catalina.startup.VersionLoggerListener.log 명령 행 아규먼트:  --add-opens=java.base/java.lang.reflect=ALL-UNNAMED
20-May-2025 09:42:55.877 정보 [main] org.apache.catalina.startup.VersionLoggerListener.log 명령 행 아규먼트:  --add-opens=java.base/java.io=ALL-UNNAMED
20-May-2025 09:42:55.877 정보 [main] org.apache.catalina.startup.VersionLoggerListener.log 명령 행 아규먼트:  --add-opens=java.base/java.util=ALL-UNNAMED
20-May-2025 09:42:55.877 정보 [main] org.apache.catalina.startup.VersionLoggerListener.log 명령 행 아규먼트:  --add-opens=java.base/java.util.concurrent=ALL-UNNAMED
20-May-2025 09:42:55.877 정보 [main] org.apache.catalina.startup.VersionLoggerListener.log 명령 행 아규먼트:  --add-opens=java.rmi/sun.rmi.transport=ALL-UNNAMED
20-May-2025 09:42:55.877 정보 [main] org.apache.catalina.startup.VersionLoggerListener.log 명령 행 아규먼트:  -Dcatalina.base=C:\dev\dev_lecture\installfile\apache-tomcat-10.1.41
20-May-2025 09:42:55.877 정보 [main] org.apache.catalina.startup.VersionLoggerListener.log 명령 행 아규먼트:  -Dcatalina.home=C:\dev\dev_lecture\installfile\apache-tomcat-10.1.41
20-May-2025 09:42:55.877 정보 [main] org.apache.catalina.startup.VersionLoggerListener.log 명령 행 아규먼트:  -Djava.io.tmpdir=C:\dev\dev_lecture\installfile\apache-tomcat-10.1.41\temp
20-May-2025 09:42:55.909 정보 [main] org.apache.catalina.core.AprLifecycleListener.lifecycleEvent 프로덕션 환경들에서 최적의 성능을 제공하는, APR 기반 Apache Tomcat Native 라이브러리가, 다음 java.library.path에서 발견되지 않습니다: [C:\Program Files\Eclipse Adoptium\jdk-17.0.14.7-hotspot\bin;C:\WINDOWS\Sun\Java\bin;C:\WINDOWS\system32;C:\WINDOWS;C:\Python313\Scripts\;C:\Python313\;C:\Program Files\Eclipse Adoptium\jdk-17.0.14.7-hotspot\bin;C:\Program Files\Common Files\Oracle\Java\javapath;C:\Windows\system32;C:\Windows;C:\Windows\System32\Wbem;C:\Windows\System32\WindowsPowerShell\v1.0\;C:\Windows\System32\OpenSSH\;C:\Program Files (x86)\NVIDIA Corporation\PhysX\Common;C:\Program Files\Microsoft SQL Server\130\Tools\Binn\;C:\Program Files\Eclipse Adoptium\jdk-17.0.14.7-hotspot\bin;C:\WINDOWS\system32;C:\WINDOWS;C:\WINDOWS\System32\Wbem;C:\WINDOWS\System32\WindowsPowerShell\v1.0\;C:\WINDOWS\System32\OpenSSH\;C:\Program Files\NVIDIA Corporation\NVIDIA app\NvDLISR;C:\Program Files\Git\cmd;C:\Program Files\MySQL\MySQL Server 8.4\bin;C:\Program Files\nodejs\;C:\ProgramData\chocolatey\bin;C:\Users\joo20\AppData\Local\Microsoft\WindowsApps;;C:\Users\joo20\AppData\Local\Programs\Microsoft VS Code\bin;C:\Program Files\JetBrains\IntelliJ IDEA 2024.3.5\bin;;C:\Users\joo20\AppData\Roaming\npm;.]
20-May-2025 09:42:56.480 정보 [main] org.apache.coyote.AbstractProtocol.init 프로토콜 핸들러 ["http-nio-8080"]을(를) 초기화합니다.
20-May-2025 09:42:56.560 정보 [main] org.apache.catalina.startup.Catalina.load [1262] 밀리초 내에 서버가 초기화되었습니다.
20-May-2025 09:42:56.749 정보 [main] org.apache.catalina.core.StandardService.startInternal 서비스 [Catalina]을(를) 시작합니다.
20-May-2025 09:42:56.749 정보 [main] org.apache.catalina.core.StandardEngine.startInternal 서버 엔진을 시작합니다: [Apache Tomcat/10.1.41]
20-May-2025 09:42:56.781 정보 [main] org.apache.catalina.startup.HostConfig.deployDirectory 웹 애플리케이션 디렉토리 [C:\dev\dev_lecture\installfile\apache-tomcat-10.1.41\webapps\docs]을(를) 배치합니다.
20-May-2025 09:42:57.811 경고 [main] org.apache.catalina.util.SessionIdGeneratorBase.createSecureRandom [SHA1PRNG] 알고리즘을 사용하여, 세션 ID를 생성하기 위한 SecureRandom 객체를 생성하는데, [127] 밀리초가 소요됐습니다.
20-May-2025 09:42:57.875 정보 [main] org.apache.catalina.startup.HostConfig.deployDirectory 웹 애플리케이션 디렉토리 [C:\dev\dev_lecture\installfile\apache-tomcat-10.1.41\webapps\docs]에 대한 배치가 [1,094] 밀리초에 완료되었습니다.
20-May-2025 09:42:57.875 정보 [main] org.apache.catalina.startup.HostConfig.deployDirectory 웹 애플리케이션 디렉토리 [C:\dev\dev_lecture\installfile\apache-tomcat-10.1.41\webapps\examples]을(를) 배치합니다.
20-May-2025 09:42:58.716 정보 [main] org.apache.catalina.startup.HostConfig.deployDirectory 웹 애플리케이션 디렉토리 [C:\dev\dev_lecture\installfile\apache-tomcat-10.1.41\webapps\examples]에 대한 배치가 [841] 밀리초에 완료되었습니다.
20-May-2025 09:42:58.716 정보 [main] org.apache.catalina.startup.HostConfig.deployDirectory 웹 애플리케이션 디렉토리 [C:\dev\dev_lecture\installfile\apache-tomcat-10.1.41\webapps\host-manager]을(를) 배치합니다.
20-May-2025 09:42:58.811 정보 [main] org.apache.catalina.startup.HostConfig.deployDirectory 웹 애플리케이션 디렉토리 [C:\dev\dev_lecture\installfile\apache-tomcat-10.1.41\webapps\host-manager]에 대한 배치가 [95] 밀리초에 완료되었습니다.
20-May-2025 09:42:58.811 정보 [main] org.apache.catalina.startup.HostConfig.deployDirectory 웹 애플리케이션 디렉토리 [C:\dev\dev_lecture\installfile\apache-tomcat-10.1.41\webapps\manager]을(를) 배치합니다.
20-May-2025 09:42:58.874 정보 [main] org.apache.catalina.startup.HostConfig.deployDirectory 웹 애플리케이션 디렉토리 [C:\dev\dev_lecture\installfile\apache-tomcat-10.1.41\webapps\manager]에 대한 배치가 [63] 밀리초에 완료되었습니다.
20-May-2025 09:42:58.874 정보 [main] org.apache.catalina.startup.HostConfig.deployDirectory 웹 애플리케이션 디렉토리 [C:\dev\dev_lecture\installfile\apache-tomcat-10.1.41\webapps\ROOT]을(를) 배치합니다.
20-May-2025 09:42:58.938 정보 [main] org.apache.catalina.startup.HostConfig.deployDirectory 웹 애플리케이션 디렉토리 [C:\dev\dev_lecture\installfile\apache-tomcat-10.1.41\webapps\ROOT]에 대한 배치가 [64] 밀리초에 완료되었습니다.
20-May-2025 09:42:58.954 정보 [main] org.apache.coyote.AbstractProtocol.start 프로토콜 핸들러 ["http-nio-8080"]을(를) 시작합니다.
20-May-2025 09:42:59.098 정보 [main] org.apache.catalina.startup.Catalina.start 서버가 [2549] 밀리초 내에 시작되었습니다.
20-May-2025 09:45:28.904 정보 [main] org.apache.catalina.core.StandardServer.await 셧다운 포트를 통해 유효한 셧다운 명령을 받았습니다. 서버 인스턴스를 중지시킵니다.
20-May-2025 09:45:28.915 정보 [main] org.apache.coyote.AbstractProtocol.pause 프로토콜 핸들러 ["http-nio-8080"]을(를) 일시 정지 중
20-May-2025 09:45:29.300 정보 [main] org.apache.catalina.core.StandardService.stopInternal 서비스 [Catalina]을(를) 중지시킵니다.
20-May-2025 09:45:29.361 정보 [main] org.apache.coyote.AbstractProtocol.stop 프로토콜 핸들러 ["http-nio-8080"]을(를) 중지시킵니다.
20-May-2025 09:45:29.377 정보 [main] org.apache.coyote.AbstractProtocol.destroy 프로토콜 핸들러 ["http-nio-8080"]을(를) 소멸시킵니다.
